<?xml version="1.0" encoding="UTF-8"?>
<!-- Generated by org.testng.reporters.JUnitReportReporter -->
<testsuite skipped="0" hostname="LAPTOP-8EO5ID8Q" name="com.amazon.base.Base" tests="1" failures="0" timestamp="01 Jun 2019 21:54:18 GMT" time="4.847" errors="1">
  <testcase name="setup" time="4.847" classname="com.amazon.base.Base">
    <error type="org.openqa.selenium.SessionNotCreatedException" message="session not created: This version of ChromeDriver only supports Chrome version 75
Build info: version: &#039;3.141.59&#039;, revision: &#039;e82be7d358&#039;, time: &#039;2018-11-14T08:17:03&#039;
System info: host: &#039;LAPTOP-8EO5ID8Q&#039;, ip: &#039;192.168.1.3&#039;, os.name: &#039;Windows 10&#039;, os.arch: &#039;amd64&#039;, os.version: &#039;10.0&#039;, java.version: &#039;1.8.0_211&#039;
Driver info: driver.version: ChromeDriver
remote stacktrace: Backtrace:
	Ordinal0 [0x01207DF3+1474035]
	Ordinal0 [0x011807D1+919505]
	Ordinal0 [0x0111CB43+510787]
	Ordinal0 [0x010B1B0F+72463]
	Ordinal0 [0x010AE3F3+58355]
	Ordinal0 [0x010D0CE4+199908]
	Ordinal0 [0x010D069D+198301]
	Ordinal0 [0x010CEECB+192203]
	Ordinal0 [0x010B5FF6+90102]
	Ordinal0 [0x010B765A+95834]
	Ordinal0 [0x010B7554+95572]
	GetHandleVerifier [0x0136231C+1249612]
	GetHandleVerifier [0x012B1575+525221]
	GetHandleVerifier [0x012B1310+524608]
	Ordinal0 [0x01215D28+1531176]
	GetHandleVerifier [0x012B1D4A+527226]
	Ordinal0 [0x011975F6+1013238]
	Ordinal0 [0x0119746F+1012847]
	Ordinal0 [0x011A365B+1062491]
	Ordinal0 [0x011A379F+1062815]
	Ordinal0 [0x011A2745+1058629]
	BaseThreadInitThunk [0x74308494+36]
	RtlAreBitsSet [0x771241C8+136]
	RtlAreBitsSet [0x77124198+88]
">
      <![CDATA[org.openqa.selenium.SessionNotCreatedException: session not created: This version of ChromeDriver only supports Chrome version 75
Build info: version: '3.141.59', revision: 'e82be7d358', time: '2018-11-14T08:17:03'
System info: host: 'LAPTOP-8EO5ID8Q', ip: '192.168.1.3', os.name: 'Windows 10', os.arch: 'amd64', os.version: '10.0', java.version: '1.8.0_211'
Driver info: driver.version: ChromeDriver
remote stacktrace: Backtrace:
Ordinal0 [0x01207DF3+1474035]
Ordinal0 [0x011807D1+919505]
Ordinal0 [0x0111CB43+510787]
Ordinal0 [0x010B1B0F+72463]
Ordinal0 [0x010AE3F3+58355]
Ordinal0 [0x010D0CE4+199908]
Ordinal0 [0x010D069D+198301]
Ordinal0 [0x010CEECB+192203]
Ordinal0 [0x010B5FF6+90102]
Ordinal0 [0x010B765A+95834]
Ordinal0 [0x010B7554+95572]
GetHandleVerifier [0x0136231C+1249612]
GetHandleVerifier [0x012B1575+525221]
GetHandleVerifier [0x012B1310+524608]
Ordinal0 [0x01215D28+1531176]
GetHandleVerifier [0x012B1D4A+527226]
Ordinal0 [0x011975F6+1013238]
Ordinal0 [0x0119746F+1012847]
Ordinal0 [0x011A365B+1062491]
Ordinal0 [0x011A379F+1062815]
Ordinal0 [0x011A2745+1058629]
BaseThreadInitThunk [0x74308494+36]
RtlAreBitsSet [0x771241C8+136]
RtlAreBitsSet [0x77124198+88]

at sun.reflect.NativeConstructorAccessorImpl.newInstance0(Native Method)
at sun.reflect.NativeConstructorAccessorImpl.newInstance(Unknown Source)
at sun.reflect.DelegatingConstructorAccessorImpl.newInstance(Unknown Source)
at java.lang.reflect.Constructor.newInstance(Unknown Source)
at org.openqa.selenium.remote.W3CHandshakeResponse.lambda$errorHandler$0(W3CHandshakeResponse.java:62)
at org.openqa.selenium.remote.HandshakeResponse.lambda$getResponseFunction$0(HandshakeResponse.java:30)
at org.openqa.selenium.remote.ProtocolHandshake.lambda$createSession$0(ProtocolHandshake.java:126)
at java.util.stream.ReferencePipeline$3$1.accept(Unknown Source)
at java.util.Spliterators$ArraySpliterator.tryAdvance(Unknown Source)
at java.util.stream.ReferencePipeline.forEachWithCancel(Unknown Source)
at java.util.stream.AbstractPipeline.copyIntoWithCancel(Unknown Source)
at java.util.stream.AbstractPipeline.copyInto(Unknown Source)
at java.util.stream.AbstractPipeline.wrapAndCopyInto(Unknown Source)
at java.util.stream.FindOps$FindOp.evaluateSequential(Unknown Source)
at java.util.stream.AbstractPipeline.evaluate(Unknown Source)
at java.util.stream.ReferencePipeline.findFirst(Unknown Source)
at org.openqa.selenium.remote.ProtocolHandshake.createSession(ProtocolHandshake.java:128)
at org.openqa.selenium.remote.ProtocolHandshake.createSession(ProtocolHandshake.java:74)
at org.openqa.selenium.remote.HttpCommandExecutor.execute(HttpCommandExecutor.java:136)
at org.openqa.selenium.remote.service.DriverCommandExecutor.execute(DriverCommandExecutor.java:83)
at org.openqa.selenium.remote.RemoteWebDriver.execute(RemoteWebDriver.java:552)
at org.openqa.selenium.remote.RemoteWebDriver.startSession(RemoteWebDriver.java:213)
at org.openqa.selenium.remote.RemoteWebDriver.<init>(RemoteWebDriver.java:131)
at org.openqa.selenium.chrome.ChromeDriver.<init>(ChromeDriver.java:181)
at org.openqa.selenium.chrome.ChromeDriver.<init>(ChromeDriver.java:168)
at org.openqa.selenium.chrome.ChromeDriver.<init>(ChromeDriver.java:123)
at com.amazon.base.Base.setup(Base.java:61)
at sun.reflect.NativeMethodAccessorImpl.invoke0(Native Method)
at sun.reflect.NativeMethodAccessorImpl.invoke(Unknown Source)
at sun.reflect.DelegatingMethodAccessorImpl.invoke(Unknown Source)
at java.lang.reflect.Method.invoke(Unknown Source)
at org.testng.internal.MethodInvocationHelper.invokeMethod(MethodInvocationHelper.java:124)
at org.testng.internal.MethodInvocationHelper.invokeMethodConsideringTimeout(MethodInvocationHelper.java:59)
at org.testng.internal.Invoker.invokeConfigurationMethod(Invoker.java:458)
at org.testng.internal.Invoker.invokeConfigurations(Invoker.java:222)
at org.testng.internal.Invoker.invokeConfigurations(Invoker.java:142)
at org.testng.SuiteRunner.privateRun(SuiteRunner.java:401)
at org.testng.SuiteRunner.run(SuiteRunner.java:364)
at org.testng.SuiteRunnerWorker.runSuite(SuiteRunnerWorker.java:52)
at org.testng.SuiteRunnerWorker.run(SuiteRunnerWorker.java:84)
at org.testng.TestNG.runSuitesSequentially(TestNG.java:1208)
at org.testng.TestNG.runSuitesLocally(TestNG.java:1137)
at org.testng.TestNG.runSuites(TestNG.java:1049)
at org.testng.TestNG.run(TestNG.java:1017)
at org.testng.remote.AbstractRemoteTestNG.run(AbstractRemoteTestNG.java:115)
at org.testng.remote.RemoteTestNG.initAndRun(RemoteTestNG.java:251)
at org.testng.remote.RemoteTestNG.main(RemoteTestNG.java:77)
]]>
    </error>
  </testcase> <!-- setup -->
</testsuite> <!-- com.amazon.base.Base -->
